This file contains any messages produced by compilers while
running configure, to aid debugging if configure makes a mistake.

It was created by configure, which was
generated by GNU Autoconf 2.59.  Invocation command line was

  $ ../configure --with-systemc=/usr/local/Cellar/systemc/2.3.2 --build=i686

## --------- ##
## Platform. ##
## --------- ##

hostname = Jerry-MBP
uname -m = x86_64
uname -r = 18.0.0
uname -s = Darwin
uname -v = Darwin Kernel Version 18.0.0: Wed Aug 22 20:13:40 PDT 2018; root:xnu-4903.201.2~1/RELEASE_X86_64

/usr/bin/uname -p = i386
/bin/uname -X     = unknown

/bin/arch              = unknown
/usr/bin/arch -k       = unknown
/usr/convex/getsysinfo = unknown
hostinfo               = Mach kernel version:
	 Darwin Kernel Version 18.0.0: Wed Aug 22 20:13:40 PDT 2018; root:xnu-4903.201.2~1/RELEASE_X86_64
Kernel configured for up to 8 processors.
4 processors are physically available.
8 processors are logically available.
Processor type: x86_64h (Intel x86-64h Haswell)
Processors active: 0 1 2 3 4 5 6 7
Primary memory available: 8.00 gigabytes
Default processor set: 402 tasks, 1588 threads, 8 processors
Load average: 1.54, Mach factor: 6.45
/bin/machine           = unknown
/usr/bin/oslevel       = unknown
/bin/universe          = unknown

PATH: /usr/local/bin
PATH: /usr/bin
PATH: /bin
PATH: /usr/sbin
PATH: /sbin
PATH: /Applications/VMware Fusion.app/Contents/Public


## ----------- ##
## Core tests. ##
## ----------- ##

configure:1311: checking build system type
configure:1329: result: i686-pc-none
configure:1337: checking host system type
configure:1351: result: i686-pc-none
configure:1359: checking target system type
configure:1373: result: i686-pc-none
configure:1401: checking for a BSD-compatible install
configure:1456: result: /usr/bin/install -c
configure:1467: checking whether build environment is sane
configure:1510: result: yes
configure:1575: checking for gawk
configure:1604: result: no
configure:1575: checking for mawk
configure:1604: result: no
configure:1575: checking for nawk
configure:1604: result: no
configure:1575: checking for awk
configure:1591: found /usr/bin/awk
configure:1601: result: awk
configure:1611: checking whether make sets $(MAKE)
configure:1631: result: yes
configure:1837: checking for gcc
configure:1853: found /usr/bin/gcc
configure:1863: result: gcc
configure:2107: checking for C compiler version
configure:2110: gcc --version </dev/null >&5
Configured with: --prefix=/Library/Developer/CommandLineTools/usr --with-gxx-include-dir=/Library/Developer/CommandLineTools/SDKs/MacOSX10.14.sdk/usr/include/c++/4.2.1
Apple LLVM version 10.0.0 (clang-1000.10.44.2)
Target: x86_64-apple-darwin18.0.0
Thread model: posix
InstalledDir: /Library/Developer/CommandLineTools/usr/bin
configure:2113: $? = 0
configure:2115: gcc -v </dev/null >&5
Configured with: --prefix=/Library/Developer/CommandLineTools/usr --with-gxx-include-dir=/Library/Developer/CommandLineTools/SDKs/MacOSX10.14.sdk/usr/include/c++/4.2.1
Apple LLVM version 10.0.0 (clang-1000.10.44.2)
Target: x86_64-apple-darwin18.0.0
Thread model: posix
InstalledDir: /Library/Developer/CommandLineTools/usr/bin
configure:2118: $? = 0
configure:2120: gcc -V </dev/null >&5
clang: error: argument to '-V' is missing (expected 1 value)
clang: error: no input files
configure:2123: $? = 1
configure:2146: checking for C compiler default output file name
configure:2149: gcc    conftest.c  >&5
configure:2152: $? = 0
configure:2198: result: a.out
configure:2203: checking whether the C compiler works
configure:2209: ./a.out
configure:2212: $? = 0
configure:2229: result: yes
configure:2236: checking whether we are cross compiling
configure:2238: result: no
configure:2241: checking for suffix of executables
configure:2243: gcc -o conftest    conftest.c  >&5
configure:2246: $? = 0
configure:2271: result: 
configure:2277: checking for suffix of object files
configure:2298: gcc -c   conftest.c >&5
configure:2301: $? = 0
configure:2323: result: o
configure:2327: checking whether we are using the GNU C compiler
configure:2351: gcc -c   conftest.c >&5
configure:2357: $? = 0
configure:2361: test -z 
			 || test ! -s conftest.err
configure:2364: $? = 0
configure:2367: test -s conftest.o
configure:2370: $? = 0
configure:2383: result: yes
configure:2389: checking whether gcc accepts -g
configure:2410: gcc -c -g  conftest.c >&5
configure:2416: $? = 0
configure:2420: test -z 
			 || test ! -s conftest.err
configure:2423: $? = 0
configure:2426: test -s conftest.o
configure:2429: $? = 0
configure:2440: result: yes
configure:2457: checking for gcc option to accept ANSI C
configure:2527: gcc  -c -g -O2  conftest.c >&5
configure:2533: $? = 0
configure:2537: test -z 
			 || test ! -s conftest.err
configure:2540: $? = 0
configure:2543: test -s conftest.o
configure:2546: $? = 0
configure:2564: result: none needed
configure:2582: gcc -c -g -O2  conftest.c >&5
conftest.c:2:3: error: unknown type name 'choke'
  choke me
  ^
conftest.c:2:11: error: expected ';' after top level declarator
  choke me
          ^
          ;
2 errors generated.
configure:2588: $? = 1
configure: failed program was:
| #ifndef __cplusplus
|   choke me
| #endif
configure:2732: checking for style of include used by make
configure:2760: result: GNU
configure:2788: checking dependency style of gcc
configure:2878: result: gcc3
configure:2989: checking for C++ compiler version
configure:2992: g++-8 --version </dev/null >&5
g++-8 (Homebrew GCC 8.2.0) 8.2.0
Copyright (C) 2018 Free Software Foundation, Inc.
This is free software; see the source for copying conditions.  There is NO
warranty; not even for MERCHANTABILITY or FITNESS FOR A PARTICULAR PURPOSE.

configure:2995: $? = 0
configure:2997: g++-8 -v </dev/null >&5
Using built-in specs.
COLLECT_GCC=g++-8
COLLECT_LTO_WRAPPER=/usr/local/Cellar/gcc/8.2.0/libexec/gcc/x86_64-apple-darwin18.0.0/8.2.0/lto-wrapper
Target: x86_64-apple-darwin18.0.0
Configured with: ../configure --build=x86_64-apple-darwin18.0.0 --prefix=/usr/local/Cellar/gcc/8.2.0 --libdir=/usr/local/Cellar/gcc/8.2.0/lib/gcc/8 --enable-languages=c,c++,objc,obj-c++,fortran --program-suffix=-8 --with-gmp=/usr/local/opt/gmp --with-mpfr=/usr/local/opt/mpfr --with-mpc=/usr/local/opt/libmpc --with-isl=/usr/local/opt/isl --with-system-zlib --enable-checking=release --with-pkgversion='Homebrew GCC 8.2.0' --with-bugurl=https://github.com/Homebrew/homebrew-core/issues --disable-nls --disable-multilib --with-native-system-header-dir=/usr/include --with-sysroot=/Library/Developer/CommandLineTools/SDKs/MacOSX.sdk
Thread model: posix
gcc version 8.2.0 (Homebrew GCC 8.2.0) 
configure:3000: $? = 0
configure:3002: g++-8 -V </dev/null >&5
g++-8: error: unrecognized command line option '-V'
g++-8: fatal error: no input files
compilation terminated.
configure:3005: $? = 1
configure:3008: checking whether we are using the GNU C++ compiler
configure:3032: g++-8 -c   conftest.cc >&5
configure:3038: $? = 0
configure:3042: test -z 
			 || test ! -s conftest.err
configure:3045: $? = 0
configure:3048: test -s conftest.o
configure:3051: $? = 0
configure:3064: result: yes
configure:3070: checking whether g++-8 accepts -g
configure:3091: g++-8 -c -g  conftest.cc >&5
configure:3097: $? = 0
configure:3101: test -z 
			 || test ! -s conftest.err
configure:3104: $? = 0
configure:3107: test -s conftest.o
configure:3110: $? = 0
configure:3121: result: yes
configure:3163: g++-8 -c -g -O2  conftest.cc >&5
configure:3169: $? = 0
configure:3173: test -z 
			 || test ! -s conftest.err
configure:3176: $? = 0
configure:3179: test -s conftest.o
configure:3182: $? = 0
configure:3208: g++-8 -c -g -O2  conftest.cc >&5
conftest.cc: In function 'int main()':
conftest.cc:13:1: error: 'exit' was not declared in this scope
 exit (42);
 ^~~~
configure:3214: $? = 1
configure: failed program was:
| /* confdefs.h.  */
| 
| #define PACKAGE_NAME ""
| #define PACKAGE_TARNAME ""
| #define PACKAGE_VERSION ""
| #define PACKAGE_STRING ""
| #define PACKAGE_BUGREPORT ""
| /* end confdefs.h.  */
| 
| int
| main ()
| {
| exit (42);
|   ;
|   return 0;
| }
configure:3163: g++-8 -c -g -O2  conftest.cc >&5
configure:3169: $? = 0
configure:3173: test -z 
			 || test ! -s conftest.err
configure:3176: $? = 0
configure:3179: test -s conftest.o
configure:3182: $? = 0
configure:3208: g++-8 -c -g -O2  conftest.cc >&5
configure:3214: $? = 0
configure:3218: test -z 
			 || test ! -s conftest.err
configure:3221: $? = 0
configure:3224: test -s conftest.o
configure:3227: $? = 0
configure:3252: checking dependency style of g++-8
configure:3342: result: gcc3
configure:3400: checking for ranlib
configure:3416: found /usr/bin/ranlib
configure:3427: result: ranlib
configure:3452: checking for a BSD-compatible install
configure:3507: result: /usr/bin/install -c
configure:3630: checking "for /usr/local/Cellar/systemc/2.3.2/lib--/libsystemc.a"
configure:3637: result: no
configure:3643: checking "for /usr/local/Cellar/systemc/2.3.2/lib-/libsystemc.a"
configure:3650: result: no
configure:3656: checking "for /usr/local/Cellar/systemc/2.3.2/lib--/libsystemc.a"
configure:3663: result: no
configure:3669: checking "for /usr/local/Cellar/systemc/2.3.2/lib-/libsystemc.a"
configure:3676: result: no
configure:3682: checking "for /usr/local/Cellar/systemc/2.3.2/lib/libsystemc.a"
configure:3686: result: yes
configure:3722: checking "for /usr/local/Cellar/systemc/2.3.2/include/systemc.h"
configure:3726: result: yes
configure:3774: checking for tlm directory
configure:3791: result: /usr/local/Cellar/systemc/2.3.2/include
configure:3813: checking "for /usr/local/Cellar/systemc/2.3.2/include/tlm.h"
configure:3817: result: yes
configure:3980: error: "sorry...architecture not supported"

## ---------------- ##
## Cache variables. ##
## ---------------- ##

ac_cv_build=i686-pc-none
ac_cv_build_alias=i686
ac_cv_c_compiler_gnu=yes
ac_cv_cxx_compiler_gnu=yes
ac_cv_env_CC_set=
ac_cv_env_CC_value=
ac_cv_env_CFLAGS_set=
ac_cv_env_CFLAGS_value=
ac_cv_env_CPPFLAGS_set=
ac_cv_env_CPPFLAGS_value=
ac_cv_env_CXXFLAGS_set=
ac_cv_env_CXXFLAGS_value=
ac_cv_env_CXX_set=set
ac_cv_env_CXX_value=g++-8
ac_cv_env_LDFLAGS_set=
ac_cv_env_LDFLAGS_value=
ac_cv_env_build_alias_set=set
ac_cv_env_build_alias_value=i686
ac_cv_env_host_alias_set=
ac_cv_env_host_alias_value=
ac_cv_env_target_alias_set=
ac_cv_env_target_alias_value=
ac_cv_exeext=
ac_cv_host=i686-pc-none
ac_cv_host_alias=i686
ac_cv_objext=o
ac_cv_path_install='/usr/bin/install -c'
ac_cv_prog_AWK=awk
ac_cv_prog_ac_ct_CC=gcc
ac_cv_prog_ac_ct_RANLIB=ranlib
ac_cv_prog_cc_g=yes
ac_cv_prog_cc_stdc=
ac_cv_prog_cxx_g=yes
ac_cv_prog_make_make_set=yes
ac_cv_target=i686-pc-none
ac_cv_target_alias=i686
am_cv_CC_dependencies_compiler_type=gcc3
am_cv_CXX_dependencies_compiler_type=gcc3

## ----------------- ##
## Output variables. ##
## ----------------- ##

ACLOCAL='${SHELL} /Users/jerry/Downloads/scml-2.4.3/config/missing --run aclocal-1.9'
AMDEPBACKSLASH='\'
AMDEP_FALSE='#'
AMDEP_TRUE=''
AMTAR='${SHELL} /Users/jerry/Downloads/scml-2.4.3/config/missing --run tar'
AR_TOOL='ar cru'
AS=''
AUTOCONF='${SHELL} /Users/jerry/Downloads/scml-2.4.3/config/missing --run autoconf'
AUTOHEADER='${SHELL} /Users/jerry/Downloads/scml-2.4.3/config/missing --run autoheader'
AUTOMAKE='${SHELL} /Users/jerry/Downloads/scml-2.4.3/config/missing --run automake-1.9'
AWK='awk'
CC='gcc'
CCDEPMODE='depmode=gcc3'
CFLAGS='-g -O2'
COMMONINC=''
COMMONLIB=''
CPPFLAGS=''
CXX='g++-8'
CXXDEPMODE='depmode=gcc3'
CXXFLAGS='-g -O2'
CYGPATH_W='echo'
DEBUG_CXXFLAGS=''
DEFS=''
DEPDIR='.deps'
ECHO_C='ECHO_N=''
ECHO_T=''
EXEEXT=''
EXTRA_CXXFLAGS=''
INSTALL_DATA='${INSTALL} -m 644'
INSTALL_PROGRAM='${INSTALL}'
INSTALL_SCRIPT='${INSTALL}'
INSTALL_STRIP_PROGRAM='${SHELL} $(install_sh) -c -s'
LDFLAGS=''
LIBOBJS=''
LIBS=''
LTLIBOBJS=''
MAIN_LIBRARY=''
MAKEINFO='${SHELL} /Users/jerry/Downloads/scml-2.4.3/config/missing --run makeinfo'
OBJEXT='o'
OPT_CXXFLAGS=''
OSCITLM_INC=''
PACKAGE='package'
PACKAGE_BUGREPORT=''
PACKAGE_NAME=''
PACKAGE_STRING=''
PACKAGE_TARNAME=''
PACKAGE_VERSION=''
PATH_SEPARATOR=':'
QT_ARCH=''
RANLIB='ranlib'
SET_MAKE=''
SHELL='/bin/sh'
STRIP=''
SYSC_INC=''
TARGET_ARCH=''
VERSION='version'
ac_ct_CC='gcc'
ac_ct_CXX=''
ac_ct_RANLIB='ranlib'
ac_ct_STRIP=''
am__fastdepCC_FALSE='#'
am__fastdepCC_TRUE=''
am__fastdepCXX_FALSE='#'
am__fastdepCXX_TRUE=''
am__include='include'
am__leading_dot='.'
am__quote=''
am__tar='${AMTAR} chof - "$$tardir"'
am__untar='${AMTAR} xf -'
bindir='${exec_prefix}/bin'
build='i686-pc-none'
build_alias='i686'
build_cpu='i686'
build_os='none'
build_vendor='pc'
datadir='${prefix}/share'
exec_prefix='NONE'
host='i686-pc-none'
host_alias=''
host_cpu='i686'
host_os='none'
host_vendor='pc'
includedir='${prefix}/include'
infodir='${prefix}/info'
install_sh='/Users/jerry/Downloads/scml-2.4.3/config/install-sh'
libdir='${exec_prefix}/lib'
libexecdir='${exec_prefix}/libexec'
localstatedir='${prefix}/var'
mandir='${prefix}/man'
mkdir_p='$(mkinstalldirs)'
oldincludedir='/usr/include'
prefix='NONE'
program_transform_name='s,x,x,'
sbindir='${exec_prefix}/sbin'
sharedstatedir='${prefix}/com'
sysconfdir='${prefix}/etc'
target='i686-pc-none'
target_alias=''
target_cpu='i686'
target_os='none'
target_vendor='pc'

## ----------- ##
## confdefs.h. ##
## ----------- ##

#define PACKAGE_BUGREPORT ""
#define PACKAGE_NAME ""
#define PACKAGE_STRING ""
#define PACKAGE_TARNAME ""
#define PACKAGE_VERSION ""
#endif
#ifdef __cplusplus
extern "C" void std::exit (int) throw (); using std::exit;

configure: exit 1
